<?xml version="1.0" encoding="UTF-8"?>
<testsuites name="Mocha Tests" time="0.288" tests="7" failures="4">
  <testsuite name="" timestamp="2024-05-20T13:05:42" tests="0" time="0.000" failures="0">
  </testsuite>
  <testsuite name="Root Suite.Status and content" timestamp="2024-05-20T13:05:42" tests="0" file="C:\Users\sliu\OneDrive - NJDHS\Documents\GitHub\Testing-Automation\test\test-pages.js" time="0.000" failures="0">
  </testsuite>
  <testsuite name="Root Suite.Status and content.Search Cases" timestamp="2024-05-20T13:05:42" tests="2" file="C:\Users\sliu\OneDrive - NJDHS\Documents\GitHub\Testing-Automation\test\test-pages.js" time="0.280" failures="0">
    <testcase name="Status" time="0.200" classname="Status and content.Search Cases">
    </testcase>
    <testcase name="Case Number" time="0.080" classname="Status and content.Search Cases">
    </testcase>
  </testsuite>
  <testsuite name="Root Suite.Status and content.County List" timestamp="2024-05-20T13:05:42" tests="1" file="C:\Users\sliu\OneDrive - NJDHS\Documents\GitHub\Testing-Automation\test\test-pages.js" time="0.004" failures="0">
    <testcase name="All counties" time="0.004" classname="Status and content.County List">
    </testcase>
  </testsuite>
  <testsuite name="Root Suite.files" timestamp="2024-05-20T13:05:42" tests="0" file="C:\Users\sliu\OneDrive - NJDHS\Documents\GitHub\Testing-Automation\test\test-pages.js" time="0.000" failures="0">
  </testsuite>
  <testsuite name="Root Suite.files.export" timestamp="2024-05-20T13:05:42" tests="4" file="C:\Users\sliu\OneDrive - NJDHS\Documents\GitHub\Testing-Automation\test\test-pages.js" time="0.002" failures="4">
    <testcase name="should export pdf" time="0.000" classname="files.export">
      <failure message="assert is not defined" type="ReferenceError"><![CDATA[ReferenceError: assert is not defined
    at Context.<anonymous> (file:///C:/Users/sliu/OneDrive%20-%20NJDHS/Documents/GitHub/Testing-Automation/test/test-pages.js:76:13)
    at process.processImmediate (node:internal/timers:478:21)]]></failure>
    </testcase>
    <testcase name="should export html" time="0.000" classname="files.export">
      <failure message="assert is not defined" type="ReferenceError"><![CDATA[ReferenceError: assert is not defined
    at Context.<anonymous> (file:///C:/Users/sliu/OneDrive%20-%20NJDHS/Documents/GitHub/Testing-Automation/test/test-pages.js:80:13)
    at process.processImmediate (node:internal/timers:478:21)]]></failure>
    </testcase>
    <testcase name="should export yml" time="0.000" classname="files.export">
      <failure message="assert is not defined" type="ReferenceError"><![CDATA[ReferenceError: assert is not defined
    at Context.<anonymous> (file:///C:/Users/sliu/OneDrive%20-%20NJDHS/Documents/GitHub/Testing-Automation/test/test-pages.js:84:13)
    at process.processImmediate (node:internal/timers:478:21)]]></failure>
    </testcase>
    <testcase name="should export text" time="0.000" classname="files.export">
      <failure message="assert is not defined" type="ReferenceError"><![CDATA[ReferenceError: assert is not defined
    at Context.<anonymous> (file:///C:/Users/sliu/OneDrive%20-%20NJDHS/Documents/GitHub/Testing-Automation/test/test-pages.js:92:17)
    at process.processImmediate (node:internal/timers:478:21)]]></failure>
    </testcase>
  </testsuite>
</testsuites>